<?xml version="1.0" encoding="UTF-8"?>
<testng-results skipped="0" failed="0" ignored="0" total="1" passed="1">
  <reporter-output>
  </reporter-output>
  <suite name="Default suite" duration-ms="18489" started-at="2020-10-09T13:28:18 IST" finished-at="2020-10-09T13:28:37 IST">
    <groups>
    </groups>
    <test name="Default test" duration-ms="18489" started-at="2020-10-09T13:28:18 IST" finished-at="2020-10-09T13:28:37 IST">
      <class name="testCase.Common">
        <test-method status="PASS" signature="setup()[pri:0, instance:testCase.Common@5f282abb]" name="setup" is-config="true" duration-ms="5164" started-at="2020-10-09T13:28:18 IST" finished-at="2020-10-09T13:28:23 IST">
          <reporter-output>
          </reporter-output>
        </test-method> <!-- setup -->
        <test-method status="PASS" signature="allcases()[pri:0, instance:testCase.Common@5f282abb]" name="allcases" duration-ms="10794" started-at="2020-10-09T13:28:23 IST" finished-at="2020-10-09T13:28:34 IST">
          <reporter-output>
          </reporter-output>
        </test-method> <!-- allcases -->
        <test-method status="PASS" signature="tearDown()[pri:0, instance:testCase.Common@5f282abb]" name="tearDown" is-config="true" duration-ms="1443" started-at="2020-10-09T13:28:35 IST" finished-at="2020-10-09T13:28:37 IST">
          <reporter-output>
          </reporter-output>
        </test-method> <!-- tearDown -->
      </class> <!-- testCase.Common -->
    </test> <!-- Default test -->
  </suite> <!-- Default suite -->
</testng-results>
